********** Robot program starting **********
Initializing robot!
zeta_practice
Slaving talon on 12 to talon on 3
Slaving talon on 13 to talon on 14
Slaving victor on 15 to talon on 14
Slaving talon on 2 to talon on 1
Slaving victor on 0 to talon on 1
NavX Active: false
CS: USB Camera 0: Connecting to USB camera on /dev/video0
Warning at edu.wpi.first.wpilibj.DriverStation.reportJoystickUnpluggedWarning(DriverStation.java:1110): Joystick Button 7 on port 0 not available, check if controller is plugged in
Watchdog not fed within 0.020000s
Default robotPeriodic() method... Override me!
Warning at edu.wpi.first.wpilibj.IterativeRobotBase.printLoopOverrunMessage(IterativeRobotBase.java:273): Loop time of 0.02s overrun

	disabledInit(): 0.004532s
	disablePeriodic(): 0.018282s
	robotPeriodic(): 0.027856s
Warning at edu.wpi.first.wpilibj.DriverStation.reportJoystickUnpluggedWarning(DriverStation.java:1110): Joystick Button 1 on port 0 not available, check if controller is plugged in
Warning at edu.wpi.first.wpilibj.DriverStation.reportJoystickUnpluggedWarning(DriverStation.java:1110): Joystick Button 7 on port 0 not available, check if controller is plugged in
Warning at edu.wpi.first.wpilibj.DriverStation.reportJoystickUnpluggedWarning(DriverStation.java:1110): Joystick Button 1 on port 0 not available, check if controller is plugged in
Warning at edu.wpi.first.wpilibj.DriverStation.reportJoystickUnpluggedWarning(DriverStation.java:1110): Joystick Button 1 on port 0 not available, check if controller is plugged in
Warning at edu.wpi.first.wpilibj.DriverStation.reportJoystickUnpluggedWarning(DriverStation.java:1110): Joystick Button 5 on port 0 not available, check if controller is plugged in
Warning at edu.wpi.first.wpilibj.DriverStation.reportJoystickUnpluggedWarning(DriverStation.java:1110): Joystick Button 1 on port 0 not available, check if controller is plugged in
Warning at edu.wpi.first.wpilibj.DriverStation.reportJoystickUnpluggedWarning(DriverStation.java:1110): Joystick Button 1 on port 1 not available, check if controller is plugged in
Warning at edu.wpi.first.wpilibj.DriverStation.reportJoystickUnpluggedWarning(DriverStation.java:1110): Joystick Button 1 on port 0 not available, check if controller is plugged in
Warning at edu.wpi.first.wpilibj.DriverStation.reportJoystickUnpluggedWarning(DriverStation.java:1110): Joystick Button 1 on port 0 not available, check if controller is plugged in
Warning at edu.wpi.first.wpilibj.DriverStation.reportJoystickUnpluggedWarning(DriverStation.java:1110): Joystick Button 1 on port 0 not available, check if controller is plugged in
Warning at edu.wpi.first.wpilibj.DriverStation.reportJoystickUnpluggedWarning(DriverStation.java:1110): Joystick Button 1 on port 0 not available, check if controller is plugged in
Warning at edu.wpi.first.wpilibj.DriverStation.reportJoystickUnpluggedWarning(DriverStation.java:1110): Joystick Button 1 on port 0 not available, check if controller is plugged in
Warning at edu.wpi.first.wpilibj.DriverStation.reportJoystickUnpluggedWarning(DriverStation.java:1110): Joystick Button 7 on port 0 not available, check if controller is plugged in
Warning at edu.wpi.first.wpilibj.DriverStation.reportJoystickUnpluggedWarning(DriverStation.java:1110): Joystick Button 1 on port 0 not available, check if controller is plugged in
Warning at edu.wpi.first.wpilibj.DriverStation.reportJoystickUnpluggedWarning(DriverStation.java:1110): Joystick Button 1 on port 0 not available, check if controller is plugged in
NT: server: client CONNECTED: 10.18.16.201 port 63299
NT: server: client CONNECTED: 10.18.16.16 port 50308
Watchdog not fed within 0.020000s
Warning at edu.wpi.first.wpilibj.IterativeRobotBase.printLoopOverrunMessage(IterativeRobotBase.java:273): Loop time of 0.02s overrun

	teleopPeriodic(): 0.014823s
	robotPeriodic(): 0.000015s
	teleopInit(): 0.007902s
Watchdog not fed within 0.020000s
Warning at edu.wpi.first.wpilibj.IterativeRobotBase.printLoopOverrunMessage(IterativeRobotBase.java:273): Loop time of 0.02s overrun

	teleopPeriodic(): 0.025041s
	robotPeriodic(): 0.000012s
Watchdog not fed within 0.020000s
Warning at edu.wpi.first.wpilibj.IterativeRobotBase.printLoopOverrunMessage(IterativeRobotBase.java:273): Loop time of 0.02s overrun

	teleopPeriodic(): 0.037353s
	robotPeriodic(): 0.000019s
Reversing Drivetrain
Watchdog not fed within 0.020000s
Warning at edu.wpi.first.wpilibj.IterativeRobotBase.printLoopOverrunMessage(IterativeRobotBase.java:273): Loop time of 0.02s overrun

	teleopPeriodic(): 0.034536s
	robotPeriodic(): 0.000012s
Watchdog not fed within 0.020000s
Warning at edu.wpi.first.wpilibj.IterativeRobotBase.printLoopOverrunMessage(IterativeRobotBase.java:273): Loop time of 0.02s overrun

	teleopPeriodic(): 0.034818s
	robotPeriodic(): 0.000012s
Watchdog not fed within 0.020000s
Warning at edu.wpi.first.wpilibj.IterativeRobotBase.printLoopOverrunMessage(IterativeRobotBase.java:273): Loop time of 0.02s overrun

	teleopPeriodic(): 0.034231s
	robotPeriodic(): 0.000012s
Watchdog not fed within 0.020000s
Warning at edu.wpi.first.wpilibj.IterativeRobotBase.printLoopOverrunMessage(IterativeRobotBase.java:273): Loop time of 0.02s overrun

	teleopPeriodic(): 0.025932s
	robotPeriodic(): 0.000012s
Watchdog not fed within 0.020000s
Warning at edu.wpi.first.wpilibj.IterativeRobotBase.printLoopOverrunMessage(IterativeRobotBase.java:273): Loop time of 0.02s overrun

	teleopPeriodic(): 0.029411s
	robotPeriodic(): 0.000011s
Watchdog not fed within 0.020000s
Warning at edu.wpi.first.wpilibj.IterativeRobotBase.printLoopOverrunMessage(IterativeRobotBase.java:273): Loop time of 0.02s overrun

	teleopPeriodic(): 0.021403s
	robotPeriodic(): 0.000017s
Watchdog not fed within 0.020000s
Warning at edu.wpi.first.wpilibj.IterativeRobotBase.printLoopOverrunMessage(IterativeRobotBase.java:273): Loop time of 0.02s overrun

	teleopPeriodic(): 0.023528s
	robotPeriodic(): 0.000011s
Watchdog not fed within 0.020000s
Warning at edu.wpi.first.wpilibj.IterativeRobotBase.printLoopOverrunMessage(IterativeRobotBase.java:273): Loop time of 0.02s overrun

	teleopPeriodic(): 0.021006s
	robotPeriodic(): 0.000012s
Watchdog not fed within 0.020000s
Warning at edu.wpi.first.wpilibj.IterativeRobotBase.printLoopOverrunMessage(IterativeRobotBase.java:273): Loop time of 0.02s overrun

	teleopPeriodic(): 0.024485s
	robotPeriodic(): 0.000012s
Watchdog not fed within 0.020000s
Warning at edu.wpi.first.wpilibj.IterativeRobotBase.printLoopOverrunMessage(IterativeRobotBase.java:273): Loop time of 0.02s overrun

	teleopPeriodic(): 0.021698s
	robotPeriodic(): 0.000014s
Watchdog not fed within 0.020000s
Warning at edu.wpi.first.wpilibj.IterativeRobotBase.printLoopOverrunMessage(IterativeRobotBase.java:273): Loop time of 0.02s overrun

	teleopPeriodic(): 0.021562s
	robotPeriodic(): 0.000011s
Watchdog not fed within 0.020000s
Warning at edu.wpi.first.wpilibj.IterativeRobotBase.printLoopOverrunMessage(IterativeRobotBase.java:273): Loop time of 0.02s overrun

	teleopPeriodic(): 0.030644s
	robotPeriodic(): 0.000012s
Setting Beak (not gripped): true
Watchdog not fed within 0.020000s
Warning at edu.wpi.first.wpilibj.IterativeRobotBase.printLoopOverrunMessage(IterativeRobotBase.java:273): Loop time of 0.02s overrun

cam: (640.0x640.0)	center: (384.0,6.0)	latErr: -64.0	control: 0.096
In range?: true	Distance to target: -1.0
L set pow: 0.154	R set pow: 0.25
	teleopPeriodic(): 0.955249s
	robotPeriodic(): 0.000014s
Watchdog not fed within 0.020000s
cam: (640.0x640.0)	center: (1.0,-29.0)	latErr: 319.0	control: 0.47850000000000004
In range?: true	Distance to target: -1.0
L set pow: 0.25	R set pow: 0.0
Warning at edu.wpi.first.wpilibj.IterativeRobotBase.printLoopOverrunMessage(IterativeRobotBase.java:273): Loop time of 0.02s overrun

cam: (640.0x640.0)	center: (1.0,-29.0)	latErr: 319.0	control: 0.47850000000000004
In range?: true	Distance to target: -1.0
L set pow: 0.25	R set pow: 0.0
Setting Beak (not gripped): true
cam: (640.0x640.0)	center: (284.0,-4.0)	latErr: 36.0	control: 0.054
In range?: true	Distance to target: -1.0
L set pow: 0.25	R set pow: 0.196
cam: (640.0x640.0)	center: (292.0,-3.0)	latErr: 28.0	control: 0.042
In range?: true	Distance to target: -1.0
L set pow: 0.25	R set pow: 0.208
cam: (640.0x640.0)	center: (292.0,-3.0)	latErr: 28.0	control: 0.042
In range?: true	Distance to target: -1.0
L set pow: 0.25	R set pow: 0.208
cam: (640.0x640.0)	center: (292.0,-3.0)	latErr: 28.0	control: 0.042
In range?: true	Distance to target: -1.0
L set pow: 0.25	R set pow: 0.208
cam: (640.0x640.0)	center: (292.0,-3.0)	latErr: 28.0	control: 0.042
In range?: true	Distance to target: -1.0
L set pow: 0.25	R set pow: 0.208
cam: (640.0x640.0)	center: (291.0,-3.0)	latErr: 29.0	control: 0.043500000000000004
In range?: true	Distance to target: -1.0
L set pow: 0.25	R set pow: 0.2065
cam: (640.0x640.0)	center: (291.0,-3.0)	latErr: 29.0	control: 0.043500000000000004
In range?: true	Distance to target: -1.0
L set pow: 0.25	R set pow: 0.2065
cam: (640.0x640.0)	center: (291.0,-3.0)	latErr: 29.0	control: 0.043500000000000004
In range?: true	Distance to target: -1.0
L set pow: 0.25	R set pow: 0.2065
cam: (640.0x640.0)	center: (291.0,-3.0)	latErr: 29.0	control: 0.043500000000000004
In range?: true	Distance to target: -1.0
L set pow: 0.25	R set pow: 0.2065
cam: (640.0x640.0)	center: (289.0,-3.0)	latErr: 31.0	control: 0.0465
In range?: true	Distance to target: -1.0
L set pow: 0.25	R set pow: 0.20350000000000001
cam: (640.0x640.0)	center: (289.0,-3.0)	latErr: 31.0	control: 0.0465
In range?: true	Distance to target: -1.0
L set pow: 0.25	R set pow: 0.20350000000000001
cam: (640.0x640.0)	center: (289.0,-3.0)	latErr: 31.0	control: 0.0465
In range?: true	Distance to target: -1.0
L set pow: 0.25	R set pow: 0.20350000000000001
cam: (640.0x640.0)	center: (1.0,-29.0)	latErr: 319.0	control: 0.47850000000000004
In range?: true	Distance to target: -1.0
L set pow: 0.25	R set pow: 0.0
cam: (640.0x640.0)	center: (1.0,-29.0)	latErr: 319.0	control: 0.47850000000000004
In range?: true	Distance to target: -1.0
L set pow: 0.25	R set pow: 0.0
cam: (640.0x640.0)	center: (292.0,-3.0)	latErr: 28.0	control: 0.042
In range?: true	Distance to target: -1.0
L set pow: 0.25	R set pow: 0.208
cam: (640.0x640.0)	center: (292.0,-3.0)	latErr: 28.0	control: 0.042
In range?: true	Distance to target: -1.0
L set pow: 0.25	R set pow: 0.208
cam: (640.0x640.0)	center: (290.0,-3.0)	latErr: 30.0	control: 0.045
In range?: true	Distance to target: -1.0
L set pow: 0.25	R set pow: 0.20500000000000002
cam: (640.0x640.0)	center: (290.0,-3.0)	latErr: 30.0	control: 0.045
In range?: true	Distance to target: -1.0
L set pow: 0.25	R set pow: 0.20500000000000002
cam: (640.0x640.0)	center: (290.0,-3.0)	latErr: 30.0	control: 0.045
In range?: true	Distance to target: -1.0
L set pow: 0.25	R set pow: 0.20500000000000002
cam: (640.0x640.0)	center: (292.0,-3.0)	latErr: 28.0	control: 0.042
In range?: true	Distance to target: -1.0
L set pow: 0.25	R set pow: 0.208
cam: (640.0x640.0)	center: (292.0,-3.0)	latErr: 28.0	control: 0.042
In range?: true	Distance to target: -1.0
L set pow: 0.25	R set pow: 0.208
cam: (640.0x640.0)	center: (292.0,-3.0)	latErr: 28.0	control: 0.042
In range?: true	Distance to target: -1.0
L set pow: 0.25	R set pow: 0.208
cam: (640.0x640.0)	center: (292.0,-3.0)	latErr: 28.0	control: 0.042
In range?: true	Distance to target: -1.0
L set pow: 0.25	R set pow: 0.208
cam: (640.0x640.0)	center: (292.0,-3.0)	latErr: 28.0	control: 0.042
In range?: true	Distance to target: -1.0
L set pow: 0.25	R set pow: 0.208
cam: (640.0x640.0)	center: (291.0,-3.0)	latErr: 29.0	control: 0.043500000000000004
In range?: true	Distance to target: -1.0
L set pow: 0.25	R set pow: 0.2065
cam: (640.0x640.0)	center: (291.0,-3.0)	latErr: 29.0	control: 0.043500000000000004
In range?: true	Distance to target: -1.0
L set pow: 0.25	R set pow: 0.2065
cam: (640.0x640.0)	center: (293.0,-3.0)	latErr: 27.0	control: 0.0405
In range?: true	Distance to target: -1.0
L set pow: 0.25	R set pow: 0.2095
cam: (640.0x640.0)	center: (293.0,-3.0)	latErr: 27.0	control: 0.0405
In range?: true	Distance to target: -1.0
L set pow: 0.25	R set pow: 0.2095
cam: (640.0x640.0)	center: (293.0,-3.0)	latErr: 27.0	control: 0.0405
In range?: true	Distance to target: -1.0
L set pow: 0.25	R set pow: 0.2095
cam: (640.0x640.0)	center: (293.0,-3.0)	latErr: 27.0	control: 0.0405
In range?: true	Distance to target: -1.0
L set pow: 0.25	R set pow: 0.2095
cam: (640.0x640.0)	center: (1.0,-29.0)	latErr: 319.0	control: 0.47850000000000004
In range?: true	Distance to target: -1.0
L set pow: 0.25	R set pow: 0.0
Watchdog not fed within 0.020000s
cam: (640.0x640.0)	center: (1.0,-29.0)	latErr: 319.0	control: 0.47850000000000004
In range?: true	Distance to target: -1.0
L set pow: 0.25	R set pow: 0.0
Warning at edu.wpi.first.wpilibj.IterativeRobotBase.printLoopOverrunMessage(IterativeRobotBase.java:273): Loop time of 0.02s overrun

	teleopPeriodic(): 0.025381s
	robotPeriodic(): 0.000011s
cam: (640.0x640.0)	center: (298.0,-2.0)	latErr: 22.0	control: 0.033
In range?: true	Distance to target: -1.0
L set pow: 0.25	R set pow: 0.217
cam: (640.0x640.0)	center: (301.0,-2.0)	latErr: 19.0	control: 0.0285
In range?: true	Distance to target: -1.0
L set pow: 0.25	R set pow: 0.2215
cam: (640.0x640.0)	center: (301.0,-2.0)	latErr: 19.0	control: 0.0285
In range?: true	Distance to target: -1.0
L set pow: 0.25	R set pow: 0.2215
cam: (640.0x640.0)	center: (300.0,-2.0)	latErr: 20.0	control: 0.03
In range?: true	Distance to target: -1.0
L set pow: 0.25	R set pow: 0.22
cam: (640.0x640.0)	center: (302.0,-2.0)	latErr: 18.0	control: 0.027
In range?: true	Distance to target: -1.0
L set pow: 0.25	R set pow: 0.223
cam: (640.0x640.0)	center: (302.0,-2.0)	latErr: 18.0	control: 0.027
In range?: true	Distance to target: -1.0
L set pow: 0.25	R set pow: 0.223
cam: (640.0x640.0)	center: (302.0,-2.0)	latErr: 18.0	control: 0.027
In range?: true	Distance to target: -1.0
L set pow: 0.25	R set pow: 0.223
cam: (640.0x640.0)	center: (1.0,-29.0)	latErr: 319.0	control: 0.47850000000000004
In range?: true	Distance to target: -1.0
L set pow: 0.25	R set pow: 0.0
cam: (640.0x640.0)	center: (1.0,-29.0)	latErr: 319.0	control: 0.47850000000000004
In range?: true	Distance to target: -1.0
L set pow: 0.25	R set pow: 0.0
cam: (640.0x640.0)	center: (312.0,-1.0)	latErr: 8.0	control: 0.012
In range?: true	Distance to target: -1.0
L set pow: 0.25	R set pow: 0.238
cam: (640.0x640.0)	center: (312.0,-1.0)	latErr: 8.0	control: 0.012
In range?: true	Distance to target: -1.0
L set pow: 0.25	R set pow: 0.238
cam: (640.0x640.0)	center: (321.0,0.0)	latErr: -1.0	control: 0.0015
In range?: true	Distance to target: -1.0
L set pow: 0.2485	R set pow: 0.25
cam: (640.0x640.0)	center: (321.0,0.0)	latErr: -1.0	control: 0.0015
In range?: true	Distance to target: -1.0
L set pow: 0.2485	R set pow: 0.25
cam: (640.0x640.0)	center: (321.0,0.0)	latErr: -1.0	control: 0.0015
In range?: true	Distance to target: -1.0
L set pow: 0.2485	R set pow: 0.25
cam: (640.0x640.0)	center: (320.0,0.0)	latErr: 0.0	control: 0.0
In range?: true	Distance to target: -1.0
L set pow: 0.25	R set pow: 0.25
cam: (640.0x640.0)	center: (320.0,0.0)	latErr: 0.0	control: 0.0
In range?: true	Distance to target: -1.0
L set pow: 0.25	R set pow: 0.25
cam: (640.0x640.0)	center: (320.0,0.0)	latErr: 0.0	control: 0.0
In range?: true	Distance to target: -1.0
L set pow: 0.25	R set pow: 0.25
cam: (640.0x640.0)	center: (333.0,1.0)	latErr: -13.0	control: 0.0195
In range?: true	Distance to target: -1.0
L set pow: 0.2305	R set pow: 0.25
cam: (640.0x640.0)	center: (335.0,1.0)	latErr: -15.0	control: 0.0225
In range?: true	Distance to target: -1.0
L set pow: 0.2275	R set pow: 0.25
cam: (640.0x640.0)	center: (335.0,1.0)	latErr: -15.0	control: 0.0225
In range?: true	Distance to target: -1.0
L set pow: 0.2275	R set pow: 0.25
cam: (640.0x640.0)	center: (335.0,1.0)	latErr: -15.0	control: 0.0225
In range?: true	Distance to target: -1.0
L set pow: 0.2275	R set pow: 0.25
cam: (640.0x640.0)	center: (335.0,1.0)	latErr: -15.0	control: 0.0225
In range?: true	Distance to target: -1.0
L set pow: 0.2275	R set pow: 0.25
cam: (640.0x640.0)	center: (345.0,2.0)	latErr: -25.0	control: 0.0375
In range?: true	Distance to target: -1.0
L set pow: 0.2125	R set pow: 0.25
cam: (640.0x640.0)	center: (345.0,2.0)	latErr: -25.0	control: 0.0375
In range?: true	Distance to target: -1.0
L set pow: 0.2125	R set pow: 0.25
cam: (640.0x640.0)	center: (345.0,2.0)	latErr: -25.0	control: 0.0375
In range?: true	Distance to target: -1.0
L set pow: 0.2125	R set pow: 0.25
cam: (640.0x640.0)	center: (352.0,3.0)	latErr: -32.0	control: 0.048
In range?: true	Distance to target: -1.0
L set pow: 0.202	R set pow: 0.25
cam: (640.0x640.0)	center: (359.0,4.0)	latErr: -39.0	control: 0.0585
In range?: true	Distance to target: -1.0
L set pow: 0.1915	R set pow: 0.25
cam: (640.0x640.0)	center: (359.0,4.0)	latErr: -39.0	control: 0.0585
In range?: true	Distance to target: -1.0
L set pow: 0.1915	R set pow: 0.25
cam: (640.0x640.0)	center: (359.0,4.0)	latErr: -39.0	control: 0.0585
In range?: true	Distance to target: -1.0
L set pow: 0.1915	R set pow: 0.25
cam: (640.0x640.0)	center: (359.0,4.0)	latErr: -39.0	control: 0.0585
In range?: true	Distance to target: -1.0
L set pow: 0.1915	R set pow: 0.25
cam: (640.0x640.0)	center: (359.0,4.0)	latErr: -39.0	control: 0.0585
In range?: true	Distance to target: -1.0
L set pow: 0.1915	R set pow: 0.25
cam: (640.0x640.0)	center: (1.0,-29.0)	latErr: 319.0	control: 0.47850000000000004
In range?: true	Distance to target: -1.0
L set pow: 0.25	R set pow: 0.0
cam: (640.0x640.0)	center: (305.0,-2.0)	latErr: 15.0	control: 0.0225
In range?: true	Distance to target: -1.0
L set pow: 0.25	R set pow: 0.2275
cam: (640.0x640.0)	center: (305.0,-2.0)	latErr: 15.0	control: 0.0225
In range?: true	Distance to target: -1.0
L set pow: 0.25	R set pow: 0.2275
cam: (640.0x640.0)	center: (393.0,7.0)	latErr: -73.0	control: 0.1095
In range?: true	Distance to target: -1.0
L set pow: 0.1405	R set pow: 0.25
Watchdog not fed within 0.020000s
Warning at edu.wpi.first.wpilibj.IterativeRobotBase.printLoopOverrunMessage(IterativeRobotBase.java:273): Loop time of 0.02s overrun

cam: (640.0x640.0)	center: (393.0,7.0)	latErr: -73.0	control: 0.1095
In range?: true	Distance to target: -1.0
L set pow: 0.1405	R set pow: 0.25
	teleopPeriodic(): 0.037622s
	robotPeriodic(): 0.000012s
Watchdog not fed within 0.020000s
Warning at edu.wpi.first.wpilibj.IterativeRobotBase.printLoopOverrunMessage(IterativeRobotBase.java:273): Loop time of 0.02s overrun

	teleopPeriodic(): 0.039897s
	robotPeriodic(): 0.000011s
Watchdog not fed within 0.020000s
Warning at edu.wpi.first.wpilibj.IterativeRobotBase.printLoopOverrunMessage(IterativeRobotBase.java:273): Loop time of 0.02s overrun

	teleopPeriodic(): 0.026751s
	robotPeriodic(): 0.000011s
Watchdog not fed within 0.020000s
Warning at edu.wpi.first.wpilibj.IterativeRobotBase.printLoopOverrunMessage(IterativeRobotBase.java:273): Loop time of 0.02s overrun

	teleopPeriodic(): 0.020057s
	robotPeriodic(): 0.003231s
Watchdog not fed within 0.020000s
Warning at edu.wpi.first.wpilibj.IterativeRobotBase.printLoopOverrunMessage(IterativeRobotBase.java:273): Loop time of 0.02s overrun

	teleopPeriodic(): 0.021681s
	robotPeriodic(): 0.000011s
Watchdog not fed within 0.020000s
Warning at edu.wpi.first.wpilibj.IterativeRobotBase.printLoopOverrunMessage(IterativeRobotBase.java:273): Loop time of 0.02s overrun

	teleopPeriodic(): 0.025283s
	robotPeriodic(): 0.000011s
Watchdog not fed within 0.020000s
Warning at edu.wpi.first.wpilibj.IterativeRobotBase.printLoopOverrunMessage(IterativeRobotBase.java:273): Loop time of 0.02s overrun

	teleopPeriodic(): 0.020487s
	robotPeriodic(): 0.000010s
cam: (640.0x640.0)	center: (518.0,19.0)	latErr: -198.0	control: 0.297
In range?: true	Distance to target: -1.0
L set pow: 0.0	R set pow: 0.25
cam: (640.0x640.0)	center: (577.0,24.0)	latErr: -257.0	control: 0.3855
In range?: true	Distance to target: -1.0
L set pow: 0.0	R set pow: 0.25
cam: (640.0x640.0)	center: (577.0,24.0)	latErr: -257.0	control: 0.3855
In range?: true	Distance to target: -1.0
L set pow: 0.0	R set pow: 0.25
cam: (640.0x640.0)	center: (577.0,24.0)	latErr: -257.0	control: 0.3855
In range?: true	Distance to target: -1.0
L set pow: 0.0	R set pow: 0.25
cam: (640.0x640.0)	center: (349.0,3.0)	latErr: -29.0	control: 0.043500000000000004
In range?: true	Distance to target: -1.0
L set pow: 0.2065	R set pow: 0.25
cam: (640.0x640.0)	center: (349.0,3.0)	latErr: -29.0	control: 0.043500000000000004
In range?: true	Distance to target: -1.0
L set pow: 0.2065	R set pow: 0.25
cam: (640.0x640.0)	center: (349.0,3.0)	latErr: -29.0	control: 0.043500000000000004
In range?: true	Distance to target: -1.0
L set pow: 0.2065	R set pow: 0.25
cam: (640.0x640.0)	center: (349.0,3.0)	latErr: -29.0	control: 0.043500000000000004
In range?: true	Distance to target: -1.0
L set pow: 0.2065	R set pow: 0.25
cam: (640.0x640.0)	center: (35.0,-27.0)	latErr: 285.0	control: 0.4275
In range?: true	Distance to target: -1.0
L set pow: 0.25	R set pow: 0.0
cam: (640.0x640.0)	center: (35.0,-27.0)	latErr: 285.0	control: 0.4275
In range?: true	Distance to target: -1.0
L set pow: 0.25	R set pow: 0.0
cam: (640.0x640.0)	center: (2.0,-29.0)	latErr: 318.0	control: 0.47700000000000004
In range?: true	Distance to target: -1.0
L set pow: 0.25	R set pow: 0.0
cam: (640.0x640.0)	center: (2.0,-29.0)	latErr: 318.0	control: 0.47700000000000004
In range?: true	Distance to target: -1.0
L set pow: 0.25	R set pow: 0.0
cam: (640.0x640.0)	center: (620.0,28.0)	latErr: -300.0	control: 0.45
In range?: true	Distance to target: -1.0
L set pow: 0.0	R set pow: 0.25
Watchdog not fed within 0.020000s
Warning at edu.wpi.first.wpilibj.IterativeRobotBase.printLoopOverrunMessage(IterativeRobotBase.java:273): Loop time of 0.02s overrun

	teleopPeriodic(): 0.021298s
	robotPeriodic(): 0.000011s
cam: (640.0x640.0)	center: (620.0,28.0)	latErr: -300.0	control: 0.45
In range?: true	Distance to target: -1.0
L set pow: 0.0	R set pow: 0.25
cam: (640.0x640.0)	center: (620.0,28.0)	latErr: -300.0	control: 0.45
In range?: true	Distance to target: -1.0
L set pow: 0.0	R set pow: 0.25
cam: (640.0x640.0)	center: (341.0,2.0)	latErr: -21.0	control: 0.0315
In range?: true	Distance to target: -1.0
L set pow: 0.2185	R set pow: 0.25
cam: (640.0x640.0)	center: (341.0,2.0)	latErr: -21.0	control: 0.0315
In range?: true	Distance to target: -1.0
L set pow: 0.2185	R set pow: 0.25
cam: (640.0x640.0)	center: (519.0,19.0)	latErr: -199.0	control: 0.2985
In range?: true	Distance to target: -1.0
L set pow: 0.0	R set pow: 0.25
cam: (640.0x640.0)	center: (519.0,19.0)	latErr: -199.0	control: 0.2985
In range?: true	Distance to target: -1.0
L set pow: 0.0	R set pow: 0.25
cam: (640.0x640.0)	center: (519.0,19.0)	latErr: -199.0	control: 0.2985
In range?: true	Distance to target: -1.0
L set pow: 0.0	R set pow: 0.25
cam: (640.0x640.0)	center: (50.0,-25.0)	latErr: 270.0	control: 0.405
In range?: true	Distance to target: -1.0
L set pow: 0.25	R set pow: 0.0
cam: (640.0x640.0)	center: (50.0,-25.0)	latErr: 270.0	control: 0.405
In range?: true	Distance to target: -1.0
L set pow: 0.25	R set pow: 0.0
Firing Hatch
UnFiring Hatch
Watchdog not fed within 0.020000s
Warning at edu.wpi.first.wpilibj.IterativeRobotBase.printLoopOverrunMessage(IterativeRobotBase.java:273): Loop time of 0.02s overrun

	teleopPeriodic(): 0.027575s
	robotPeriodic(): 0.000010s
Watchdog not fed within 0.020000s
Warning at edu.wpi.first.wpilibj.IterativeRobotBase.printLoopOverrunMessage(IterativeRobotBase.java:273): Loop time of 0.02s overrun

	teleopPeriodic(): 0.021927s
	robotPeriodic(): 0.000010s
Watchdog not fed within 0.020000s
Warning at edu.wpi.first.wpilibj.IterativeRobotBase.printLoopOverrunMessage(IterativeRobotBase.java:273): Loop time of 0.02s overrun

	teleopPeriodic(): 0.026867s
	robotPeriodic(): 0.000009s
Watchdog not fed within 0.020000s
Warning at edu.wpi.first.wpilibj.IterativeRobotBase.printLoopOverrunMessage(IterativeRobotBase.java:273): Loop time of 0.02s overrun

	teleopPeriodic(): 0.031654s
	robotPeriodic(): 0.000555s
Setting Beak (not gripped): true
cam: (640.0x640.0)	center: (322.0,0.0)	latErr: -2.0	control: 0.003
In range?: true	Distance to target: -1.0
L set pow: 0.247	R set pow: 0.25
cam: (640.0x640.0)	center: (322.0,0.0)	latErr: -2.0	control: 0.003
In range?: true	Distance to target: -1.0
L set pow: 0.247	R set pow: 0.25
Watchdog not fed within 0.020000s
Warning at edu.wpi.first.wpilibj.IterativeRobotBase.printLoopOverrunMessage(IterativeRobotBase.java:273): Loop time of 0.02s overrun

	teleopPeriodic(): 0.041410s
	robotPeriodic(): 0.000012s
cam: (640.0x640.0)	center: (322.0,0.0)	latErr: -2.0	control: 0.003
In range?: true	Distance to target: -1.0
L set pow: 0.247	R set pow: 0.25
cam: (640.0x640.0)	center: (322.0,0.0)	latErr: -2.0	control: 0.003
In range?: true	Distance to target: -1.0
L set pow: 0.247	R set pow: 0.25
cam: (640.0x640.0)	center: (322.0,0.0)	latErr: -2.0	control: 0.003
In range?: true	Distance to target: -1.0
L set pow: 0.247	R set pow: 0.25
cam: (640.0x640.0)	center: (322.0,0.0)	latErr: -2.0	control: 0.003
In range?: true	Distance to target: -1.0
L set pow: 0.247	R set pow: 0.25
cam: (640.0x640.0)	center: (322.0,0.0)	latErr: -2.0	control: 0.003
In range?: true	Distance to target: -1.0
L set pow: 0.247	R set pow: 0.25
cam: (640.0x640.0)	center: (323.0,0.0)	latErr: -3.0	control: 0.0045000000000000005
In range?: true	Distance to target: -1.0
L set pow: 0.2455	R set pow: 0.25
cam: (640.0x640.0)	center: (323.0,0.0)	latErr: -3.0	control: 0.0045000000000000005
In range?: true	Distance to target: -1.0
L set pow: 0.2455	R set pow: 0.25
cam: (640.0x640.0)	center: (323.0,0.0)	latErr: -3.0	control: 0.0045000000000000005
In range?: true	Distance to target: -1.0
L set pow: 0.2455	R set pow: 0.25
cam: (640.0x640.0)	center: (323.0,0.0)	latErr: -3.0	control: 0.0045000000000000005
In range?: true	Distance to target: -1.0
L set pow: 0.2455	R set pow: 0.25
cam: (640.0x640.0)	center: (323.0,0.0)	latErr: -3.0	control: 0.0045000000000000005
In range?: true	Distance to target: -1.0
L set pow: 0.2455	R set pow: 0.25
cam: (640.0x640.0)	center: (324.0,0.0)	latErr: -4.0	control: 0.006
In range?: true	Distance to target: -1.0
L set pow: 0.244	R set pow: 0.25
cam: (640.0x640.0)	center: (323.0,0.0)	latErr: -3.0	control: 0.0045000000000000005
In range?: true	Distance to target: -1.0
L set pow: 0.2455	R set pow: 0.25
cam: (640.0x640.0)	center: (323.0,0.0)	latErr: -3.0	control: 0.0045000000000000005
In range?: true	Distance to target: -1.0
L set pow: 0.2455	R set pow: 0.25
cam: (640.0x640.0)	center: (323.0,0.0)	latErr: -3.0	control: 0.0045000000000000005
In range?: true	Distance to target: -1.0
L set pow: 0.2455	R set pow: 0.25
cam: (640.0x640.0)	center: (321.0,0.0)	latErr: -1.0	control: 0.0015
In range?: true	Distance to target: -1.0
L set pow: 0.2485	R set pow: 0.25
cam: (640.0x640.0)	center: (321.0,0.0)	latErr: -1.0	control: 0.0015
In range?: true	Distance to target: -1.0
L set pow: 0.2485	R set pow: 0.25
cam: (640.0x640.0)	center: (322.0,0.0)	latErr: -2.0	control: 0.003
In range?: true	Distance to target: -1.0
L set pow: 0.247	R set pow: 0.25
cam: (640.0x640.0)	center: (320.0,0.0)	latErr: 0.0	control: 0.0
In range?: true	Distance to target: -1.0
L set pow: 0.25	R set pow: 0.25
cam: (640.0x640.0)	center: (320.0,0.0)	latErr: 0.0	control: 0.0
In range?: true	Distance to target: -1.0
L set pow: 0.25	R set pow: 0.25
cam: (640.0x640.0)	center: (320.0,0.0)	latErr: 0.0	control: 0.0
In range?: true	Distance to target: -1.0
L set pow: 0.25	R set pow: 0.25
cam: (640.0x640.0)	center: (320.0,0.0)	latErr: 0.0	control: 0.0
In range?: true	Distance to target: -1.0
L set pow: 0.25	R set pow: 0.25
cam: (640.0x640.0)	center: (320.0,0.0)	latErr: 0.0	control: 0.0
In range?: true	Distance to target: -1.0
L set pow: 0.25	R set pow: 0.25
cam: (640.0x640.0)	center: (320.0,0.0)	latErr: 0.0	control: 0.0
In range?: true	Distance to target: -1.0
L set pow: 0.25	R set pow: 0.25
cam: (640.0x640.0)	center: (318.0,0.0)	latErr: 2.0	control: 0.003
In range?: true	Distance to target: -1.0
L set pow: 0.25	R set pow: 0.247
cam: (640.0x640.0)	center: (318.0,0.0)	latErr: 2.0	control: 0.003
In range?: true	Distance to target: -1.0
L set pow: 0.25	R set pow: 0.247
cam: (640.0x640.0)	center: (318.0,0.0)	latErr: 2.0	control: 0.003
In range?: true	Distance to target: -1.0
L set pow: 0.25	R set pow: 0.247
cam: (640.0x640.0)	center: (318.0,0.0)	latErr: 2.0	control: 0.003
In range?: true	Distance to target: -1.0
L set pow: 0.25	R set pow: 0.247
cam: (640.0x640.0)	center: (318.0,0.0)	latErr: 2.0	control: 0.003
In range?: true	Distance to target: -1.0
L set pow: 0.25	R set pow: 0.247
cam: (640.0x640.0)	center: (1.0,-29.0)	latErr: 319.0	control: 0.47850000000000004
In range?: true	Distance to target: -1.0
L set pow: 0.25	R set pow: 0.0
cam: (640.0x640.0)	center: (1.0,-29.0)	latErr: 319.0	control: 0.47850000000000004
In range?: true	Distance to target: -1.0
L set pow: 0.25	R set pow: 0.0
cam: (640.0x640.0)	center: (1.0,-29.0)	latErr: 319.0	control: 0.47850000000000004
In range?: true	Distance to target: -1.0
L set pow: 0.25	R set pow: 0.0
cam: (640.0x640.0)	center: (1.0,-29.0)	latErr: 319.0	control: 0.47850000000000004
In range?: true	Distance to target: -1.0
L set pow: 0.25	R set pow: 0.0
cam: (640.0x640.0)	center: (1.0,-29.0)	latErr: 319.0	control: 0.47850000000000004
In range?: true	Distance to target: -1.0
L set pow: 0.25	R set pow: 0.0
cam: (640.0x640.0)	center: (1.0,-29.0)	latErr: 319.0	control: 0.47850000000000004
In range?: true	Distance to target: -1.0
L set pow: 0.25	R set pow: 0.0
cam: (640.0x640.0)	center: (1.0,-29.0)	latErr: 319.0	control: 0.47850000000000004
In range?: true	Distance to target: -1.0
L set pow: 0.25	R set pow: 0.0
cam: (640.0x640.0)	center: (1.0,-29.0)	latErr: 319.0	control: 0.47850000000000004
In range?: true	Distance to target: -1.0
L set pow: 0.25	R set pow: 0.0
cam: (640.0x640.0)	center: (1.0,-29.0)	latErr: 319.0	control: 0.47850000000000004
In range?: true	Distance to target: -1.0
L set pow: 0.25	R set pow: 0.0
cam: (640.0x640.0)	center: (1.0,-29.0)	latErr: 319.0	control: 0.47850000000000004
In range?: true	Distance to target: -1.0
L set pow: 0.25	R set pow: 0.0
cam: (640.0x640.0)	center: (1.0,-29.0)	latErr: 319.0	control: 0.47850000000000004
In range?: true	Distance to target: -1.0
L set pow: 0.25	R set pow: 0.0
cam: (640.0x640.0)	center: (1.0,-29.0)	latErr: 319.0	control: 0.47850000000000004
In range?: true	Distance to target: -1.0
L set pow: 0.25	R set pow: 0.0
cam: (640.0x640.0)	center: (1.0,-29.0)	latErr: 319.0	control: 0.47850000000000004
In range?: true	Distance to target: -1.0
L set pow: 0.25	R set pow: 0.0
cam: (640.0x640.0)	center: (1.0,-29.0)	latErr: 319.0	control: 0.47850000000000004
In range?: true	Distance to target: -1.0
L set pow: 0.25	R set pow: 0.0
cam: (640.0x640.0)	center: (1.0,-29.0)	latErr: 319.0	control: 0.47850000000000004
In range?: true	Distance to target: -1.0
L set pow: 0.25	R set pow: 0.0
cam: (640.0x640.0)	center: (1.0,-29.0)	latErr: 319.0	control: 0.47850000000000004
In range?: true	Distance to target: -1.0
L set pow: 0.25	R set pow: 0.0
Watchdog not fed within 0.020000s
Warning at edu.wpi.first.wpilibj.IterativeRobotBase.printLoopOverrunMessage(IterativeRobotBase.java:273): Loop time of 0.02s overrun

cam: (640.0x640.0)	center: (1.0,-29.0)	latErr: 319.0	control: 0.47850000000000004
In range?: true	Distance to target: -1.0
L set pow: 0.25	R set pow: 0.0
	teleopPeriodic(): 0.042256s
	robotPeriodic(): 0.000011s
cam: (640.0x640.0)	center: (1.0,-29.0)	latErr: 319.0	control: 0.47850000000000004
In range?: true	Distance to target: -1.0
L set pow: 0.25	R set pow: 0.0
cam: (640.0x640.0)	center: (325.0,0.0)	latErr: -5.0	control: 0.0075
In range?: true	Distance to target: -1.0
L set pow: 0.2425	R set pow: 0.25
cam: (640.0x640.0)	center: (325.0,0.0)	latErr: -5.0	control: 0.0075
In range?: true	Distance to target: -1.0
L set pow: 0.2425	R set pow: 0.25
cam: (640.0x640.0)	center: (348.0,3.0)	latErr: -28.0	control: 0.042
In range?: true	Distance to target: -1.0
L set pow: 0.208	R set pow: 0.25
cam: (640.0x640.0)	center: (370.0,5.0)	latErr: -50.0	control: 0.075
In range?: true	Distance to target: -1.0
L set pow: 0.175	R set pow: 0.25
cam: (640.0x640.0)	center: (370.0,5.0)	latErr: -50.0	control: 0.075
In range?: true	Distance to target: -1.0
L set pow: 0.175	R set pow: 0.25
cam: (640.0x640.0)	center: (370.0,5.0)	latErr: -50.0	control: 0.075
In range?: true	Distance to target: -1.0
L set pow: 0.175	R set pow: 0.25
cam: (640.0x640.0)	center: (370.0,5.0)	latErr: -50.0	control: 0.075
In range?: true	Distance to target: -1.0
L set pow: 0.175	R set pow: 0.25
cam: (640.0x640.0)	center: (370.0,5.0)	latErr: -50.0	control: 0.075
In range?: true	Distance to target: -1.0
L set pow: 0.175	R set pow: 0.25
cam: (640.0x640.0)	center: (395.0,7.0)	latErr: -75.0	control: 0.1125
In range?: true	Distance to target: -1.0
L set pow: 0.1375	R set pow: 0.25
cam: (640.0x640.0)	center: (417.0,10.0)	latErr: -97.0	control: 0.1455
In range?: true	Distance to target: -1.0
L set pow: 0.10450000000000001	R set pow: 0.25
cam: (640.0x640.0)	center: (417.0,10.0)	latErr: -97.0	control: 0.1455
In range?: true	Distance to target: -1.0
L set pow: 0.10450000000000001	R set pow: 0.25
cam: (640.0x640.0)	center: (446.0,12.0)	latErr: -126.0	control: 0.189
In range?: true	Distance to target: -1.0
L set pow: 0.061	R set pow: 0.25
cam: (640.0x640.0)	center: (446.0,12.0)	latErr: -126.0	control: 0.189
In range?: true	Distance to target: -1.0
L set pow: 0.061	R set pow: 0.25
cam: (640.0x640.0)	center: (460.0,14.0)	latErr: -140.0	control: 0.21
In range?: true	Distance to target: -1.0
L set pow: 0.04000000000000001	R set pow: 0.25
cam: (640.0x640.0)	center: (460.0,14.0)	latErr: -140.0	control: 0.21
In range?: true	Distance to target: -1.0
L set pow: 0.04000000000000001	R set pow: 0.25
cam: (640.0x640.0)	center: (473.0,15.0)	latErr: -153.0	control: 0.2295
In range?: true	Distance to target: -1.0
L set pow: 0.02049999999999999	R set pow: 0.25
cam: (640.0x640.0)	center: (473.0,15.0)	latErr: -153.0	control: 0.2295
In range?: true	Distance to target: -1.0
L set pow: 0.02049999999999999	R set pow: 0.25
Watchdog not fed within 0.020000s
Warning at edu.wpi.first.wpilibj.IterativeRobotBase.printLoopOverrunMessage(IterativeRobotBase.java:273): Loop time of 0.02s overrun

	teleopPeriodic(): 0.030230s
	robotPeriodic(): 0.000011s
Setting Beak (not gripped): true
Watchdog not fed within 0.020000s
Warning at edu.wpi.first.wpilibj.IterativeRobotBase.printLoopOverrunMessage(IterativeRobotBase.java:273): Loop time of 0.02s overrun

	teleopPeriodic(): 0.041587s
	robotPeriodic(): 0.000010s
Setting Beak (not gripped): false
Watchdog not fed within 0.020000s
Warning at edu.wpi.first.wpilibj.IterativeRobotBase.printLoopOverrunMessage(IterativeRobotBase.java:273): Loop time of 0.02s overrun

	teleopPeriodic(): 0.024590s
	robotPeriodic(): 0.000010s
Watchdog not fed within 0.020000s
Warning at edu.wpi.first.wpilibj.IterativeRobotBase.printLoopOverrunMessage(IterativeRobotBase.java:273): Loop time of 0.02s overrun

	teleopPeriodic(): 0.022114s
	robotPeriodic(): 0.000012s
Watchdog not fed within 0.020000s
Warning at edu.wpi.first.wpilibj.IterativeRobotBase.printLoopOverrunMessage(IterativeRobotBase.java:273): Loop time of 0.02s overrun

	teleopPeriodic(): 0.032876s
	robotPeriodic(): 0.000011s
Firing Hatch
UnFiring Hatch
Watchdog not fed within 0.020000s
Warning at edu.wpi.first.wpilibj.IterativeRobotBase.printLoopOverrunMessage(IterativeRobotBase.java:273): Loop time of 0.02s overrun

	teleopPeriodic(): 0.028053s
	robotPeriodic(): 0.000010s
Watchdog not fed within 0.020000s
Warning at edu.wpi.first.wpilibj.IterativeRobotBase.printLoopOverrunMessage(IterativeRobotBase.java:273): Loop time of 0.02s overrun

	teleopPeriodic(): 0.033584s
	robotPeriodic(): 0.000010s
Watchdog not fed within 0.020000s
Warning at edu.wpi.first.wpilibj.IterativeRobotBase.printLoopOverrunMessage(IterativeRobotBase.java:273): Loop time of 0.02s overrun

	teleopPeriodic(): 0.026556s
	robotPeriodic(): 0.000009s
Watchdog not fed within 0.020000s
Warning at edu.wpi.first.wpilibj.IterativeRobotBase.printLoopOverrunMessage(IterativeRobotBase.java:273): Loop time of 0.02s overrun

	teleopPeriodic(): 0.024575s
	robotPeriodic(): 0.000010s
Watchdog not fed within 0.020000s
Warning at edu.wpi.first.wpilibj.IterativeRobotBase.printLoopOverrunMessage(IterativeRobotBase.java:273): Loop time of 0.02s overrun

	teleopPeriodic(): 0.029362s
	robotPeriodic(): 0.000012s
Watchdog not fed within 0.020000s
Warning at edu.wpi.first.wpilibj.IterativeRobotBase.printLoopOverrunMessage(IterativeRobotBase.java:273): Loop time of 0.02s overrun

	teleopPeriodic(): 0.031946s
	robotPeriodic(): 0.000011s
Watchdog not fed within 0.020000s
Warning at edu.wpi.first.wpilibj.IterativeRobotBase.printLoopOverrunMessage(IterativeRobotBase.java:273): Loop time of 0.02s overrun

	teleopPeriodic(): 0.022587s
	robotPeriodic(): 0.000013s
Watchdog not fed within 0.020000s
Warning at edu.wpi.first.wpilibj.IterativeRobotBase.printLoopOverrunMessage(IterativeRobotBase.java:273): Loop time of 0.02s overrun

	teleopPeriodic(): 0.031501s
	robotPeriodic(): 0.000012s
Watchdog not fed within 0.020000s
Warning at edu.wpi.first.wpilibj.IterativeRobotBase.printLoopOverrunMessage(IterativeRobotBase.java:273): Loop time of 0.02s overrun

	teleopPeriodic(): 0.030305s
	robotPeriodic(): 0.000010s
Watchdog not fed within 0.020000s
Warning at edu.wpi.first.wpilibj.IterativeRobotBase.printLoopOverrunMessage(IterativeRobotBase.java:273): Loop time of 0.02s overrun

	teleopPeriodic(): 0.034242s
	robotPeriodic(): 0.000011s
Watchdog not fed within 0.020000s
Warning at edu.wpi.first.wpilibj.IterativeRobotBase.printLoopOverrunMessage(IterativeRobotBase.java:273): Loop time of 0.02s overrun

	teleopPeriodic(): 0.020610s
	robotPeriodic(): 0.000037s
Watchdog not fed within 0.020000s
Warning at edu.wpi.first.wpilibj.IterativeRobotBase.printLoopOverrunMessage(IterativeRobotBase.java:273): Loop time of 0.02s overrun

	teleopPeriodic(): 0.034583s
	robotPeriodic(): 0.000011s
Watchdog not fed within 0.020000s
Warning at edu.wpi.first.wpilibj.IterativeRobotBase.printLoopOverrunMessage(IterativeRobotBase.java:273): Loop time of 0.02s overrun

	teleopPeriodic(): 0.028350s
	robotPeriodic(): 0.000012s
Watchdog not fed within 0.020000s
Warning at edu.wpi.first.wpilibj.IterativeRobotBase.printLoopOverrunMessage(IterativeRobotBase.java:273): Loop time of 0.02s overrun

	teleopPeriodic(): 0.029494s
	robotPeriodic(): 0.000011s
Watchdog not fed within 0.020000s
Warning at edu.wpi.first.wpilibj.IterativeRobotBase.printLoopOverrunMessage(IterativeRobotBase.java:273): Loop time of 0.02s overrun

	teleopPeriodic(): 0.033574s
	robotPeriodic(): 0.000012s
Watchdog not fed within 0.020000s
Warning at edu.wpi.first.wpilibj.IterativeRobotBase.printLoopOverrunMessage(IterativeRobotBase.java:273): Loop time of 0.02s overrun

	teleopPeriodic(): 0.025340s
	robotPeriodic(): 0.000011s
Watchdog not fed within 0.020000s
Warning at edu.wpi.first.wpilibj.IterativeRobotBase.printLoopOverrunMessage(IterativeRobotBase.java:273): Loop time of 0.02s overrun

	teleopPeriodic(): 0.028389s
	robotPeriodic(): 0.000011s
Watchdog not fed within 0.020000s
Warning at edu.wpi.first.wpilibj.IterativeRobotBase.printLoopOverrunMessage(IterativeRobotBase.java:273): Loop time of 0.02s overrun

	teleopPeriodic(): 0.020827s
	robotPeriodic(): 0.000010s
Watchdog not fed within 0.020000s
Warning at edu.wpi.first.wpilibj.IterativeRobotBase.printLoopOverrunMessage(IterativeRobotBase.java:273): Loop time of 0.02s overrun

	teleopPeriodic(): 0.020257s
	robotPeriodic(): 0.000011s
Watchdog not fed within 0.020000s
Warning at edu.wpi.first.wpilibj.IterativeRobotBase.printLoopOverrunMessage(IterativeRobotBase.java:273): Loop time of 0.02s overrun

	teleopPeriodic(): 0.028791s
	robotPeriodic(): 0.000011s
Setting Beak (not gripped): true
Setting Beak (not gripped): false
Watchdog not fed within 0.020000s
Warning at edu.wpi.first.wpilibj.IterativeRobotBase.printLoopOverrunMessage(IterativeRobotBase.java:273): Loop time of 0.02s overrun

	teleopPeriodic(): 0.024669s
	robotPeriodic(): 0.000127s
Watchdog not fed within 0.020000s
Warning at edu.wpi.first.wpilibj.IterativeRobotBase.printLoopOverrunMessage(IterativeRobotBase.java:273): Loop time of 0.02s overrun

	teleopPeriodic(): 0.025151s
	robotPeriodic(): 0.000011s
Setting Slow Mode: true
Watchdog not fed within 0.020000s
Warning at edu.wpi.first.wpilibj.IterativeRobotBase.printLoopOverrunMessage(IterativeRobotBase.java:273): Loop time of 0.02s overrun

	teleopPeriodic(): 0.020610s
	robotPeriodic(): 0.000010s
Watchdog not fed within 0.020000s
Warning at edu.wpi.first.wpilibj.IterativeRobotBase.printLoopOverrunMessage(IterativeRobotBase.java:273): Loop time of 0.02s overrun

	teleopPeriodic(): 0.029978s
	robotPeriodic(): 0.000010s
Watchdog not fed within 0.020000s
Warning at edu.wpi.first.wpilibj.IterativeRobotBase.printLoopOverrunMessage(IterativeRobotBase.java:273): Loop time of 0.02s overrun

	teleopPeriodic(): 0.032915s
	robotPeriodic(): 0.000010s
Watchdog not fed within 0.020000s
Warning at edu.wpi.first.wpilibj.IterativeRobotBase.printLoopOverrunMessage(IterativeRobotBase.java:273): Loop time of 0.02s overrun

	teleopPeriodic(): 0.032605s
	robotPeriodic(): 0.000010s
Watchdog not fed within 0.020000s
Warning at edu.wpi.first.wpilibj.IterativeRobotBase.printLoopOverrunMessage(IterativeRobotBase.java:273): Loop time of 0.02s overrun

	teleopPeriodic(): 0.034068s
	robotPeriodic(): 0.000010s
Setting Slow Mode: false
Watchdog not fed within 0.020000s
Warning at edu.wpi.first.wpilibj.IterativeRobotBase.printLoopOverrunMessage(IterativeRobotBase.java:273): Loop time of 0.02s overrun

	teleopPeriodic(): 0.042054s
	robotPeriodic(): 0.000014s
CS: ERROR: ioctl VIDIOC_STREAMOFF failed at UsbCameraImpl.cpp:604: No such device (UsbUtil.cpp:156)
CS: USB Camera 0: Connecting to USB camera on /dev/video0
CS: USB Camera 0: Connecting to USB camera on /dev/video0
CS: USB Camera 0: Connecting to USB camera on /dev/video0
CS: USB Camera 0: Connecting to USB camera on /dev/video0
CS: USB Camera 0: set format 1 res 320x240
CS: USB Camera 0: set FPS to 30
CS: ERROR: ioctl VIDIOC_DQBUF failed at UsbCameraImpl.cpp:394: Invalid argument (UsbUtil.cpp:156)
CS: WARNING: USB Camera 0: could not dequeue buffer (UsbCameraImpl.cpp:395)
CS: USB Camera 0: Connecting to USB camera on /dev/video0
CS: USB Camera 0: set format 1 res 320x240
CS: USB Camera 0: set FPS to 30
CS: ERROR: USB Camera 0: ioctl VIDIOC_STREAMON failed: Protocol error (UsbCameraImpl.cpp:590)
CS: ERROR: USB Camera 0: ioctl VIDIOC_STREAMON failed: Input/output error (UsbCameraImpl.cpp:590)
CS: USB Camera 0: Connecting to USB camera on /dev/video0
CS: USB Camera 0: Connecting to USB camera on /dev/video0
CS: USB Camera 0: Connecting to USB camera on /dev/video0
CS: USB Camera 0: Connecting to USB camera on /dev/video0
Watchdog not fed within 0.020000s
Warning at edu.wpi.first.wpilibj.IterativeRobotBase.printLoopOverrunMessage(IterativeRobotBase.java:273): Loop time of 0.02s overrun

	teleopPeriodic()CS: USB Camera 0: Connecting to USB camera on /dev/video0
: 0.027384s
	robotPeriodic(): 0.000011s
CS: USB Camera 0: set format 1 res 320x240
CS: USB Camera 0: set FPS to 30
CS: USB Camera 0: Connecting to USB camera on /dev/video0
CS: USB Camera 0: Connecting to USB camera on /dev/video0
CS: USB Camera 0: Connecting to USB camera on /dev/video0
CS: USB Camera 0: Connecting to USB camera on /dev/video0
CS: USB Camera 0: Connecting to USB camera on /dev/video0
CS: USB Camera 0: Connecting to USB camera on /dev/video0
CS: USB Camera 0: Connecting to USB camera on /dev/video0
CS: USB Camera 0: set format 1 res 320x240
CS: USB Camera 0: set FPS to 30
Watchdog not fed within 0.020000s
Warning at edu.wpi.first.wpilibj.IterativeRobotBase.printLoopOverrunMessage(IterativeRobotBase.java:273): Loop time of 0.02s overrun

	teleopPeriodic(): 0.033018s
	robotPeriodic(): 0.000010s
Watchdog not fed within 0.020000s
Warning at edu.wpi.first.wpilibj.IterativeRobotBase.printLoopOverrunMessage(IterativeRobotBase.java:273): Loop time of 0.02s overrun

	teleopPeriodic(): 0.024571s
	robotPeriodic(): 0.000010s
Watchdog not fed within 0.020000s
Warning at edu.wpi.first.wpilibj.IterativeRobotBase.printLoopOverrunMessage(IterativeRobotBase.java:273): Loop time of 0.02s overrun

	teleopPeriodic(): 0.026770s
	robotPeriodic(): 0.000010s
Watchdog not fed within 0.020000s
Warning at edu.wpi.first.wpilibj.IterativeRobotBase.printLoopOverrunMessage(IterativeRobotBase.java:273): Loop time of 0.02s overrun

	teleopPeriodic(): 0.031664s
	robotPeriodic(): 0.000010s
Watchdog not fed within 0.020000s
Warning at edu.wpi.first.wpilibj.IterativeRobotBase.printLoopOverrunMessage(IterativeRobotBase.java:273): Loop time of 0.02s overrun

	teleopPeriodic(): 0.022182s
	robotPeriodic(): 0.000012s
Watchdog not fed within 0.020000s
Warning at edu.wpi.first.wpilibj.IterativeRobotBase.printLoopOverrunMessage(IterativeRobotBase.java:273): Loop time of 0.02s overrun

	teleopPeriodic(): 0.020828s
	robotPeriodic(): 0.000010s
Watchdog not fed within 0.020000s
Warning at edu.wpi.first.wpilibj.IterativeRobotBase.printLoopOverrunMessage(IterativeRobotBase.java:273): Loop time of 0.02s overrun

	teleopPeriodic(): 0.030690s
	robotPeriodic(): 0.000011s
Watchdog not fed within 0.020000s
Warning at edu.wpi.first.wpilibj.IterativeRobotBase.printLoopOverrunMessage(IterativeRobotBase.java:273): Loop time of 0.02s overrun

	teleopPeriodic(): 0.025429s
	robotPeriodic(): 0.000010s
Watchdog not fed within 0.020000s
Warning at edu.wpi.first.wpilibj.IterativeRobotBase.printLoopOverrunMessage(IterativeRobotBase.java:273): Loop time of 0.02s overrun

	teleopPeriodic(): 0.024749s
	robotPeriodic(): 0.000010s
Watchdog not fed within 0.020000s
Warning at edu.wpi.first.wpilibj.IterativeRobotBase.printLoopOverrunMessage(IterativeRobotBase.java:273): Loop time of 0.02s overrun

	teleopPeriodic(): 0.020739s
	robotPeriodic(): 0.000011s
Watchdog not fed within 0.020000s
Warning at edu.wpi.first.wpilibj.IterativeRobotBase.printLoopOverrunMessage(IterativeRobotBase.java:273): Loop time of 0.02s overrun

	teleopPeriodic(): 0.023317s
	robotPeriodic(): 0.000010s
Watchdog not fed within 0.020000s
Warning at edu.wpi.first.wpilibj.IterativeRobotBase.printLoopOverrunMessage(IterativeRobotBase.java:273): Loop time of 0.02s overrun

	teleopPeriodic(): 0.027428s
	robotPeriodic(): 0.000011s
Watchdog not fed within 0.020000s
Warning at edu.wpi.first.wpilibj.IterativeRobotBase.printLoopOverrunMessage(IterativeRobotBase.java:273): Loop time of 0.02s overrun

	teleopPeriodic(): 0.022703s
	robotPeriodic(): 0.000011s
Watchdog not fed within 0.020000s
Warning at edu.wpi.first.wpilibj.IterativeRobotBase.printLoopOverrunMessage(IterativeRobotBase.java:273): Loop time of 0.02s overrun

	teleopPeriodic(): 0.028063s
	robotPeriodic(): 0.000012s
Watchdog not fed within 0.020000s
Warning at edu.wpi.first.wpilibj.IterativeRobotBase.printLoopOverrunMessage(IterativeRobotBase.java:273): Loop time of 0.02s overrun

	teleopPeriodic(): 0.022799s
	robotPeriodic(): 0.000009s
Watchdog not fed within 0.020000s
Warning at edu.wpi.first.wpilibj.IterativeRobotBase.printLoopOverrunMessage(IterativeRobotBase.java:273): Loop time of 0.02s overrun

	teleopPeriodic(): 0.023965s
	robotPeriodic(): 0.000011s
Watchdog not fed within 0.020000s
Warning at edu.wpi.first.wpilibj.IterativeRobotBase.printLoopOverrunMessage(IterativeRobotBase.java:273): Loop time of 0.02s overrun

	teleopPeriodic(): 0.028568s
	robotPeriodic(): 0.000010s
Watchdog not fed within 0.020000s
Warning at edu.wpi.first.wpilibj.IterativeRobotBase.printLoopOverrunMessage(IterativeRobotBase.java:273): Loop time of 0.02s overrun

	teleopPeriodic(): 0.031365s
	robotPeriodic(): 0.000010s
Watchdog not fed within 0.020000s
Warning at edu.wpi.first.wpilibj.IterativeRobotBase.printLoopOverrunMessage(IterativeRobotBase.java:273): Loop time of 0.02s overrun

	teleopPeriodic(): 0.023162s
	robotPeriodic(): 0.000009s
Watchdog not fed within 0.020000s
Warning at edu.wpi.first.wpilibj.IterativeRobotBase.printLoopOverrunMessage(IterativeRobotBase.java:273): Loop time of 0.02s overrun

	teleopPeriodic(): 0.021141s
	robotPeriodic(): 0.000010s
Watchdog not fed within 0.020000s
Warning at edu.wpi.first.wpilibj.IterativeRobotBase.printLoopOverrunMessage(IterativeRobotBase.java:273): Loop time of 0.02s overrun

	teleopPeriodic(): 0.025885s
	robotPeriodic(): 0.000011s
Watchdog not fed within 0.020000s
Warning at edu.wpi.first.wpilibj.IterativeRobotBase.printLoopOverrunMessage(IterativeRobotBase.java:273): Loop time of 0.02s overrun

	teleopPeriodic(): 0.027323s
	robotPeriodic(): 0.000010s
Watchdog not fed within 0.020000s
Warning at edu.wpi.first.wpilibj.IterativeRobotBase.printLoopOverrunMessage(IterativeRobotBase.java:273): Loop time of 0.02s overrun

	teleopPeriodic(): 0.027443s
	robotPeriodic(): 0.000010s
Watchdog not fed within 0.020000s
Warning at edu.wpi.first.wpilibj.IterativeRobotBase.printLoopOverrunMessage(IterativeRobotBase.java:273): Loop time of 0.02s overrun

	teleopPeriodic(): 0.035304s
	robotPeriodic(): 0.000010s
Watchdog not fed within 0.020000s
Warning at edu.wpi.first.wpilibj.IterativeRobotBase.printLoopOverrunMessage(IterativeRobotBase.java:273): Loop time of 0.02s overrun

	teleopPeriodic(): 0.030389s
	robotPeriodic(): 0.000010s
Watchdog not fed within 0.020000s
Warning at edu.wpi.first.wpilibj.IterativeRobotBase.printLoopOverrunMessage(IterativeRobotBase.java:273): Loop time of 0.02s overrun

	teleopPeriodic(): 0.025094s
	robotPeriodic(): 0.000011s
